Gene
gtf3
ntpA_2
yeeD
nrgA
artM_5
glnB
dkgA
group_913
cutC
ganB_1
tcyK_1
ntpB
urdA_1
group_126
fetA
ntpA_1
group_68
group_60
group_32
group_1731
group_1562
lacR_2
group_1525
fetB
group_1483
group_1222
xerD
lacA
manX_1
group_954
levE
lnrK
manZ_1
manY_1
lacX
lacC_2
group_592
aroF
group_496
group_438
lacG_2_lacG_1
copB_3_copB_2
group_403
xerC_8
actP_copA_1
group_356
cas1
group_301
group_292
group_286
group_279
lacF_lacF_2_lacF_1
group_254
rmlD_2_rmlD_1
group_242
glcK_2
group_81
group_70
group_62
group_28
group_1839
tcyL_2
tcyJ_1
pglK
group_1436
group_1335
group_1301
group_1211
group_1191
group_1167
group_1074
group_1071
group_993
rspR
group_827
group_800
group_712
group_678
group_558
group_556
group_550
group_545
group_535
group_514
group_506
group_483
group_450
group_435
xerC_9
group_396
group_383
cas91
group_275
cas2
group_239
group_231
group_214
group_119
group_105
group_83
yqjG
group_49
group_1526
group_1507
group_1502
zosA_2
group_1423
group_1316
group_1248
group_1131
group_930
group_922
group_826
group_731
group_632
group_630
group_622
group_600
group_599
group_593
dnaG_2_dnaG_1
group_583
group_581
group_575
group_574
group_547
group_542
group_539
group_526
group_524
pac
group_510
group_505
group_501
group_480
group_473
group_449
group_415
lgt_2
group_384
group_377
gatC_1
group_353
group_351
group_328
baeS
group_283
group_274
group_247
group_198
rssB
group_141
group_115
group_110
group_99
group_96
group_94
group_52
group_36
group_18
group_1758
group_1374
group_484
group_479
group_378
mco
group_173
group_1837
group_1817
group_1816
group_1815
group_1814
group_1813
group_1812
gtfC
group_1472
group_1432
group_1378
group_1330
group_1329
group_1263
group_1217
group_1171
group_1140
group_1088
group_1036
group_789
group_580
group_454
group_409
group_402
group_401
group_243
group_179
licT_1
group_1865
group_1811
group_1533
group_1504
group_1434
group_1379
group_1345
group_1224
group_1125
group_989
group_658
group_612
pezT
pezA
group_591
group_527
group_498
group_457
group_425
group_414
group_374
group_284
lacG_3_lacG_4_lacG_2
group_259
group_237
group_211
group_184
lacG_1
group_7
group_1835
group_1834
group_1825
cadC_2
group_1742
group_1741
group_1349
group_1201
group_896
yodC
group_758
group_565
group_509
group_493
mshA
group_440
group_405
group_399
group_367
group_166
group_87
group_5
group_1845
group_1844
group_1843
lacE
aphA
group_1833
group_1832
group_1831
aadK
group_1830
satA
group_1829
bin3_3
topB_2
group_1818
group_1554
group_1444
group_1431
group_1347
group_1343
group_1338
nsuA
group_1300
group_1299
lnrN
group_1272
group_1231
group_1218
group_1213
group_1212
group_1205
group_1194
group_1193
group_1186
group_1173
group_1166
group_1158
group_1090
group_1089
group_1083
group_1058
group_1041
bin3_2
group_1031
group_1027
group_1014
group_1004
group_1000
group_986
group_981
group_979
group_974
group_947
group_939
group_934
group_915
group_909
group_888
group_886
sgbE
betI
group_812
group_797
regX3
group_786
lnrL
group_766
group_759
group_723
group_718
noc
group_679
group_660
arnC_2
group_642
group_641
group_629
group_627
group_587
wbbI
glf
group_467
group_453
group_387
group_376
group_350
group_342
creC
group_249
group_244
nadB
rfbX
group_190
group_177
group_163
group_125
ltrA
group_113
group_101
tetM
tetO
group_95
group_90
group_85
group_66
group_61
group_55
group_53
group_48
group_1840
nisI
nisC
group_1807
group_1806
group_1805
group_1804
group_1803
group_1571
group_1314
group_1227
group_955
group_898
trpG
group_805
fabG_2
group_684
group_613
group_386
group_380
group_340
glyA_2
menF_2
group_72
group_19
dltA_1
group_1841
group_1824
group_1823
group_1809
group_1802
group_1801
group_1800
topB_1
group_1799
group_1798
tetS
group_1797
group_1796
group_1795
group_1575
group_1026
bin3_1
group_820
group_1846
repD
group_1821
group_1820
group_1810
group_1808
group_1226
group_1120
group_285
group_71
group_1838
group_331
group_300
group_176
group_1819
group_1828
group_1827
group_1826
group_1849
group_1836
group_1822
group_1842
group_1404
group_1848
group_1740
group_1537
group_1739
group_631
group_302
group_412
group_1487
group_1045
group_329
group_233
group_147
group_1505
group_366
group_1857
group_992
group_951
group_719
group_210
group_1861
group_1860
group_1856
group_1855
group_1854
group_1853
group_1852
group_1851
group_1850
cspC_2
ykoD_1
group_1552
group_1429
group_1402
group_1245
group_1192
group_982
group_976
group_960
group_869
group_868
group_795
ecfT_2
group_651
group_616
group_508
group_490
xerC_2_xerD_2
group_287
group_219
group_145
salL_1
group_102
sph
group_1
group_1859
group_1858
group_1541
hprA
glgD
lacF_2
group_1408
glgP_1__glgP_3_malP_glgP_2
glgA
copY_2_copY_1
group_585
group_518
hisC_1
glgC
group_462
copA_1_actP
bin3
lacE_1
group_230
group_221
group_201
group_195
group_124
glgB
group_1867
group_1866
group_1847
group_1563
group_1491
group_1442
group_1421
group_1357
group_1282
group_1111
ssp5
group_923
group_770
group_586
group_582
group_577
group_567
group_559
group_546
group_530
group_460
group_310
group_307
group_134
group_57
group_10
group_1725
group_1724
group_1722
group_1720
group_1718
group_1717
group_1713
group_1710
group_1704
mntH_2
group_1469
group_1440
group_1437
group_1435
lacX_1
group_1422
group_1419
group_1414
group_1413
group_1411
group_1275
group_1266
group_1259
copA_2
group_1228
group_1220
group_1219
group_1206
copA_3
group_1082
group_1064
group_1051
group_1024
group_987
mdtK
group_882
group_877
ahpC
group_837
group_754
group_735
group_677
msrAB1
group_636
group_598
dnaG_2_dnaG_1_dnaG_3
regX3_walR_1
group_590
group_588
prtR
group_573
group_570
group_569
group_563
group_561
group_555
group_549
group_544
group_541
group_533
group_523
umuC
group_487
group_475
group_420
group_406
group_365
group_293
group_281
psaA
group_240
bcgIB_1
ahpF
group_182
group_180
crtN
group_157
group_104
group_100
bcgIA
group_41
group_27
group_24
group_1873
group_1870
group_1869
group_1868
group_1862
group_1730
group_1728
group_1719
group_1703
group_1681
group_1675
group_1668
group_1665
group_1658
group_1645
group_1642
group_1636
group_1633
group_1632
group_1631
group_1624
group_1622
group_1619
group_1613
group_1612
group_1587
group_1549
xerC_3
group_1495
agrA_2
group_1471
group_1470
group_1439
group_1438
group_1430
group_1427
group_1425
group_1417
group_1409
group_1407
group_1339
group_1337
group_1325
group_1324
group_1321
group_1311
group_1308
group_1276
group_1258
group_1230
ntpK_1
ntpK_2
group_1165
group_1154
group_1151
group_1141
group_1128
group_1119
group_1115
group_1066
group_1053
group_1046
group_1033
group_1029
group_1023
cna
group_1008
group_998
merR1_1
group_952
group_929
group_925
group_866
group_858
group_810
group_809
group_773
group_764
group_753
group_716
bcrA
group_672
ligA_1_ligA_2
group_650
group_649
group_648
group_647
clpE_2_clpE_1
group_643
topB_topB_2
group_640
group_639
group_638
group_637
group_621
group_620
arnC
group_619
group_611
group_610
group_609
group_608
group_607
group_606
group_605
group_604
group_596
group_595
group_584
group_579
group_572
group_571
group_568
group_557
group_551
dinB_1_dinB_2
group_543
group_540
group_538
group_537
group_531
group_525
group_520
group_519
group_516
group_507
group_503
group_500
group_497
cas9
group_495
group_492
group_489
group_488
group_476
group_472
group_469
group_465
group_459
group_458
xerC_6
group_437
group_436
group_428
group_426
group_423
group_417
csn2
group_397
group_395
group_363
group_362
group_361
group_358
group_354
atpC_1_ntpC
group_336
group_330
hsdR_1_hsdR
group_305
group_303
group_298
group_268
group_267
group_255
group_241
group_218
group_216
group_186
ubiB_1
merA
group_149
group_146
group_98
group_93
group_59
group_45
group_15
group_1872
cadA_3
lspA_2
group_1871
group_1864
soj_1
group_1774
group_1773
group_1772
group_1766
group_1757
group_1755
group_1753
group_1751
group_1750
group_1749
group_1748
group_1746
group_1744
yhaP
group_1729
group_1721
group_1711
rhaS
group_1708
group_1702
group_1701
group_1700
group_1699
group_1698
group_1697
group_1696
tagU_2
group_1695
cpsB_2
group_1694
group_1693
group_1688
group_1663
group_1661
group_1651
group_1627
group_1616
group_1614
group_1609
group_1577
opuCC_1
group_1572
group_1557
group_1466
group_1465
scnA
group_1433
group_1428
group_1426
group_1424
group_1418
group_1416
group_1415
group_1412
xerC_6_xerC_7
group_1403
group_1399
group_1394
group_1380
group_1375
group_1371
group_1367
group_1360
group_1348
group_1346
group_1319
group_1318
group_1304
group_1296
group_1278
group_1270
group_1269
group_1254
group_1247
group_1243
group_1229
group_1221
group_1209
group_1200
group_1183
group_1181
group_1177
lafA
group_1172
group_1147
group_1144
group_1139
group_1138
group_1134
group_1132
group_1127
group_1110
ldh_3
group_1091
group_1077
group_1062
group_1052
group_1049
group_1047
acr3
group_999
group_990
group_980
ywnA_1
group_977
group_975
group_971
group_957
group_948
group_945
group_917
group_916
group_908
group_897
group_894
group_891
group_862
ydhK
group_856
repB
group_848
group_839
group_838
opuCB_3
opuCD
group_804
ppm1
group_779
group_772
group_749
group_743
group_738
group_733
group_717
group_706
group_700
group_691
lacC_3
group_669
group_668
arnC_1
group_657
group_645
group_644
adh
group_635
group_633
group_625
group_624
group_623
group_603
group_602
group_601
group_597
group_594
group_589
group_578
group_566
strA_1_strA_2
group_553
group_536
group_534
group_528
group_522
group_517
group_513
group_512
group_511
gldA
group_486
group_481
group_478
group_477
group_463
group_448
group_442
group_427
group_421
opuCA_2
group_398
group_394
group_389
group_379
group_375
group_373
group_372
group_371
xerC_4
group_368
group_348
group_341
group_339
dinB_2_dinB_1
group_315
group_270
rhaR
lcnD_2
group_248
xerC_5_xerC_3
group_235
group_220
group_212
group_204
pknD
group_187
group_152
group_143
pgl_1
group_88
group_86
lagD_2
group_51
group_37
hsdR
group_1863
group_1794
group_1793
group_1792
group_1791
group_1790
group_1789
group_1788
group_1787
group_1786
group_1785
group_1784
group_1783
group_1782
group_1781
group_1780
group_1779
group_1778
group_1777
group_1776
group_1775
merR1_2
group_1771
group_1770
phrB
group_1769
group_1768
group_1767
group_1765
group_1764
group_1763
group_1762
group_1761
group_1760
group_1759
group_1756
group_1754
group_1752
group_1747
group_1745
group_1743
group_1738
glcU_2
dacA_1
fetB_1
group_1737
group_1736
group_1735
group_1734
group_1733
group_1732
group_1727
group_1726
hpr
group_1723
group_1716
group_1715
group_1714
group_1712
group_1709
group_1707
group_1706
group_1705
group_1692
group_1691
group_1690
clpP_1
group_1689
group_1687
group_1686
group_1685
group_1684
recT
group_1683
group_1682
group_1680
group_1679
group_1678
group_1677
group_1676
group_1674
group_1673
group_1672
group_1671
group_1670
group_1669
group_1667
group_1666
group_1664
group_1662
group_1660
group_1659
group_1657
group_1656
group_1655
group_1654
group_1653
group_1652
group_1650
group_1649
group_1648
group_1647
group_1646
group_1644
group_1643
group_1641
group_1640
group_1639
group_1638
group_1637
group_1635
group_1634
group_1630
group_1629
group_1628
group_1626
group_1625
group_1623
group_1621
group_1620
group_1618
group_1617
group_1615
group_1611
group_1610
group_1608
group_1607
group_1606
group_1605
group_1604
group_1603
group_1602
group_1601
group_1600
group_1599
group_1598
group_1597
group_1596
group_1595
group_1594
group_1593
group_1592
group_1591
group_1590
group_1589
group_1588
bglG
group_1401
group_1393
group_1392
group_1391
group_1390
group_1389
group_1388
group_1386
group_1385
group_1384
group_1383
group_1382
group_1376
group_1370
group_1368
group_1366
group_1365
group_1362
group_1361
group_1359
group_1354
group_1353
group_1350
group_1342
group_1334
group_1333
group_1328
group_1326
group_1322
group_1315
group_1310
group_1309
group_1305
group_1298
group_1297
group_1291
group_1290
group_1289
group_1288
group_1285
group_1283
group_1280
group_1279
group_1273
group_1271
group_1268
group_1267
group_1262
group_1260
group_1257
group_1255
group_1253
ntpG
group_1251
group_1250
group_1249
group_1244
group_1239
group_1234
group_1225
group_1210
group_1204
group_1203
group_1199
group_1195
group_1182
group_1179
group_1170
group_1169
group_1168
group_1163
group_1162
group_1157
group_1156
group_1155
group_1146
glpE_3
group_1133
group_1129
group_1124
group_1123
group_1113
group_1112
group_1109
group_1105
group_1098
group_1097
group_1095
group_1094
group_1084
group_1075
phoR
group_1073
glpE_2
group_1065
group_1059
group_1057
group_1056
group_1050
group_1048
immR_1
immR_2
group_1042
group_1040
group_1037
group_1035
xre
group_1034
group_1032
group_1030
group_1028
group_1025
group_1021
group_1019
group_1017
group_1010
group_1009
group_1006
group_995
group_991
group_985
group_973
group_970
group_968
gmuC_1
ganB_2
group_950
group_949
group_946
group_942
group_940
nsrR
group_931
group_928
group_927
group_926
group_919
group_918
group_912
group_907
sphR
group_893
group_889
group_874
group_871
group_867
group_865
yhhX
bcgIB_2
group_861
group_860
group_859
group_855
group_842
group_834
group_833
group_832
group_828
group_823
group_818
ecfA1_1
group_806
group_802
group_801
group_798
group_796
group_793
bcrA_1
group_792
group_790
IntTn_2
group_787
group_784
group_783
group_781
group_777
group_775
group_774
xerC_2
group_771
group_768
group_765
group_757
group_751
group_744
group_734
lexA
ybiV_1
group_728
group_727
group_711
group_709
group_707
pgcA_2
group_705
dpnM
group_699
group_692
group_689
bcrA_2
btuD_5
group_687
group_681
ydhF
group_666
group_663
group_662
group_656
group_652
group_646
group_634
cpsY
group_615
group_554
group_548
haeIIIM
group_529
group_521
group_515
mshA_2
epsF
group_485
group_466
group_434
group_419
group_410
group_408
IntTn
group_404
group_393
group_388
xerC_5
group_360
hsdR_2
group_312
group_311
group_309
group_299
group_294
group_288
group_264
group_262
rcsC_1
sasA_2
dinB_2
group_229
group_227
dinB_1
group_207
murJ_1
bglA_2
group_193
group_185
group_165
group_161
group_155
group_150
group_140
group_139
group_131
cdr_2
group_108
rep
group_97
group_89
btuD_6
lagD_1
copB_1
group_79
group_75
group_47
group_44
group_38
group_29
group_16
group_13
smc_1
group_6
