ntpA_2
yeeD
nrgA
artM_5
glnB
dkgA
group_913
cutC
ganB_1
tcyK_1
ntpB
urdA_1
group_126
fetA
ntpA_1
group_68
group_60
group_32
lacR_2
fetB
group_1222
lacA
lacX
lacC_2
group_592
xerC_8
actP_copA_1
group_254
rmlD_2_rmlD_1
group_242
glcK_2
group_62
group_28
pglK
group_1436
group_1335
group_1191
group_1167
group_1074
group_1071
group_993
rspR
group_800
group_712
group_556
group_550
group_545
group_535
group_514
group_506
group_483
group_450
xerC_9
group_396
group_383
group_275
group_83
yqjG
group_1526
group_1502
zosA_2
group_1423
group_1316
group_930
group_731
group_583
group_581
group_574
group_480
group_415
group_384
group_377
gatC_1
group_328
group_283
group_115
group_99
group_94
group_52
group_18
group_1758
group_484
group_479
group_378
group_173
group_1432
group_1378
group_1330
group_1329
group_1263
group_1217
group_1171
group_1140
group_1088
group_1036
group_789
group_580
group_454
group_409
group_402
group_401
group_243
licT_1
group_1865
group_1504
group_1434
group_1345
group_1224
group_1125
group_989
group_612
pezT
pezA
group_591
group_527
group_498
group_457
group_425
group_414
group_374
group_284
lacG_3_lacG_4_lacG_2
group_259
group_237
group_211
group_184
group_7
group_1835
group_1834
group_1825
cadC_2
group_1742
group_1741
group_1201
group_896
yodC
group_758
group_565
group_509
group_493
mshA
group_440
group_405
group_399
group_367
group_166
group_5
group_1845
group_1844
group_1843
lacE
aphA
group_1833
group_1832
group_1831
aadK
group_1830
satA
group_1829
bin3_3
topB_2
group_1818
group_1554
group_1444
group_1431
group_1347
group_1343
group_1338
nsuA
group_1300
group_1299
lnrN
group_1272
group_1231
group_1218
group_1213
group_1212
group_1205
group_1194
group_1193
group_1186
group_1173
group_1166
group_1158
group_1090
group_1089
group_1083
group_1058
group_1041
bin3_2
group_1031
group_1027
group_1014
group_1004
group_1000
group_986
group_981
group_979
group_974
group_947
group_939
group_934
group_915
group_909
group_888
group_886
sgbE
betI
group_812
group_797
regX3
group_786
lnrL
group_766
group_759
group_723
group_718
noc
group_679
group_660
arnC_2
group_642
group_641
group_629
group_627
wbbI
glf
group_467
group_453
group_387
group_376
group_350
group_342
creC
group_249
group_244
nadB
rfbX
group_190
group_177
group_163
group_125
ltrA
group_113
group_101
tetM
tetO
group_95
group_85
group_66
group_61
group_55
group_53
group_48
group_1840
nisI
nisC
group_1807
group_1806
group_1805
group_1804
group_1803
group_1571
group_1314
group_1227
group_955
group_898
trpG
group_805
fabG_2
group_684
group_613
group_386
group_380
group_340
glyA_2
menF_2
group_72
group_19
dltA_1
group_1575
group_820
group_285
group_331
group_176
group_1404
group_631
group_302
group_616
group_1111
group_57
soj_1
